CRITICAL - 2022-05-23 05:04:16 --> syntax error, unexpected '}', expecting ';' or ','
#0 C:\wamp64\www\animelette\system\View\View.php(213): CodeIgniter\View\View->CodeIgniter\View\{closure}()
#1 C:\wamp64\www\animelette\system\Common.php(1089): CodeIgniter\View\View->render('reviews', Array, true)
#2 C:\wamp64\www\animelette\app\Controllers\Home.php(54): view('reviews', Array)
#3 C:\wamp64\www\animelette\system\CodeIgniter.php(832): App\Controllers\Home->reviews()
#4 C:\wamp64\www\animelette\system\CodeIgniter.php(419): CodeIgniter\CodeIgniter->runController(Object(App\Controllers\Home))
#5 C:\wamp64\www\animelette\system\CodeIgniter.php(326): CodeIgniter\CodeIgniter->handleRequest(NULL, Object(Config\Cache), false)
#6 C:\wamp64\www\animelette\public\index.php(37): CodeIgniter\CodeIgniter->run()
#7 {main}
CRITICAL - 2022-05-23 09:24:18 --> Undefined index: refUser
#0 C:\wamp64\www\animelette\app\Views\reviews.php(82): CodeIgniter\Debug\Exceptions->errorHandler(8, 'Undefined index...', 'C:\\wamp64\\www\\a...', 82, Array)
#1 C:\wamp64\www\animelette\system\View\View.php(210): include('C:\\wamp64\\www\\a...')
#2 C:\wamp64\www\animelette\system\View\View.php(213): CodeIgniter\View\View->CodeIgniter\View\{closure}()
#3 C:\wamp64\www\animelette\system\Common.php(1089): CodeIgniter\View\View->render('reviews', Array, true)
#4 C:\wamp64\www\animelette\app\Controllers\Home.php(54): view('reviews', Array)
#5 C:\wamp64\www\animelette\system\CodeIgniter.php(832): App\Controllers\Home->reviews()
#6 C:\wamp64\www\animelette\system\CodeIgniter.php(419): CodeIgniter\CodeIgniter->runController(Object(App\Controllers\Home))
#7 C:\wamp64\www\animelette\system\CodeIgniter.php(326): CodeIgniter\CodeIgniter->handleRequest(NULL, Object(Config\Cache), false)
#8 C:\wamp64\www\animelette\public\index.php(37): CodeIgniter\CodeIgniter->run()
#9 {main}
CRITICAL - 2022-05-23 09:35:12 --> Cannot use object of type CodeIgniter\Session\Session as array
#0 C:\wamp64\www\animelette\system\View\View.php(210): include()
#1 C:\wamp64\www\animelette\system\View\View.php(213): CodeIgniter\View\View->CodeIgniter\View\{closure}()
#2 C:\wamp64\www\animelette\system\Common.php(1089): CodeIgniter\View\View->render('reviews', Array, true)
#3 C:\wamp64\www\animelette\app\Controllers\Home.php(54): view('reviews', Array)
#4 C:\wamp64\www\animelette\system\CodeIgniter.php(832): App\Controllers\Home->reviews()
#5 C:\wamp64\www\animelette\system\CodeIgniter.php(419): CodeIgniter\CodeIgniter->runController(Object(App\Controllers\Home))
#6 C:\wamp64\www\animelette\system\CodeIgniter.php(326): CodeIgniter\CodeIgniter->handleRequest(NULL, Object(Config\Cache), false)
#7 C:\wamp64\www\animelette\public\index.php(37): CodeIgniter\CodeIgniter->run()
#8 {main}
CRITICAL - 2022-05-23 09:35:13 --> Cannot use object of type CodeIgniter\Session\Session as array
#0 C:\wamp64\www\animelette\system\View\View.php(210): include()
#1 C:\wamp64\www\animelette\system\View\View.php(213): CodeIgniter\View\View->CodeIgniter\View\{closure}()
#2 C:\wamp64\www\animelette\system\Common.php(1089): CodeIgniter\View\View->render('reviews', Array, true)
#3 C:\wamp64\www\animelette\app\Controllers\Home.php(54): view('reviews', Array)
#4 C:\wamp64\www\animelette\system\CodeIgniter.php(832): App\Controllers\Home->reviews()
#5 C:\wamp64\www\animelette\system\CodeIgniter.php(419): CodeIgniter\CodeIgniter->runController(Object(App\Controllers\Home))
#6 C:\wamp64\www\animelette\system\CodeIgniter.php(326): CodeIgniter\CodeIgniter->handleRequest(NULL, Object(Config\Cache), false)
#7 C:\wamp64\www\animelette\public\index.php(37): CodeIgniter\CodeIgniter->run()
#8 {main}
CRITICAL - 2022-05-23 09:42:33 --> Undefined variable: sessionData
#0 C:\wamp64\www\animelette\app\Views\reviews.php(109): CodeIgniter\Debug\Exceptions->errorHandler(8, 'Undefined varia...', 'C:\\wamp64\\www\\a...', 109, Array)
#1 C:\wamp64\www\animelette\system\View\View.php(210): include('C:\\wamp64\\www\\a...')
#2 C:\wamp64\www\animelette\system\View\View.php(213): CodeIgniter\View\View->CodeIgniter\View\{closure}()
#3 C:\wamp64\www\animelette\system\Common.php(1089): CodeIgniter\View\View->render('reviews', Array, true)
#4 C:\wamp64\www\animelette\app\Controllers\Home.php(54): view('reviews', Array)
#5 C:\wamp64\www\animelette\system\CodeIgniter.php(832): App\Controllers\Home->reviews()
#6 C:\wamp64\www\animelette\system\CodeIgniter.php(419): CodeIgniter\CodeIgniter->runController(Object(App\Controllers\Home))
#7 C:\wamp64\www\animelette\system\CodeIgniter.php(326): CodeIgniter\CodeIgniter->handleRequest(NULL, Object(Config\Cache), false)
#8 C:\wamp64\www\animelette\public\index.php(37): CodeIgniter\CodeIgniter->run()
#9 {main}
CRITICAL - 2022-05-23 10:19:05 --> Undefined variable: review
#0 C:\wamp64\www\animelette\app\Views\details.php(71): CodeIgniter\Debug\Exceptions->errorHandler(8, 'Undefined varia...', 'C:\\wamp64\\www\\a...', 71, Array)
#1 C:\wamp64\www\animelette\system\View\View.php(210): include('C:\\wamp64\\www\\a...')
#2 C:\wamp64\www\animelette\system\View\View.php(213): CodeIgniter\View\View->CodeIgniter\View\{closure}()
#3 C:\wamp64\www\animelette\system\Common.php(1089): CodeIgniter\View\View->render('details', Array, true)
#4 C:\wamp64\www\animelette\app\Controllers\Home.php(72): view('details', Array)
#5 C:\wamp64\www\animelette\system\CodeIgniter.php(832): App\Controllers\Home->details('5')
#6 C:\wamp64\www\animelette\system\CodeIgniter.php(419): CodeIgniter\CodeIgniter->runController(Object(App\Controllers\Home))
#7 C:\wamp64\www\animelette\system\CodeIgniter.php(326): CodeIgniter\CodeIgniter->handleRequest(NULL, Object(Config\Cache), false)
#8 C:\wamp64\www\animelette\public\index.php(37): CodeIgniter\CodeIgniter->run()
#9 {main}
CRITICAL - 2022-05-23 10:19:12 --> Trying to get property 'name' of non-object
#0 C:\wamp64\www\animelette\app\Views\details.php(71): CodeIgniter\Debug\Exceptions->errorHandler(8, 'Trying to get p...', 'C:\\wamp64\\www\\a...', 71, Array)
#1 C:\wamp64\www\animelette\system\View\View.php(210): include('C:\\wamp64\\www\\a...')
#2 C:\wamp64\www\animelette\system\View\View.php(213): CodeIgniter\View\View->CodeIgniter\View\{closure}()
#3 C:\wamp64\www\animelette\system\Common.php(1089): CodeIgniter\View\View->render('details', Array, true)
#4 C:\wamp64\www\animelette\app\Controllers\Home.php(72): view('details', Array)
#5 C:\wamp64\www\animelette\system\CodeIgniter.php(832): App\Controllers\Home->details('5')
#6 C:\wamp64\www\animelette\system\CodeIgniter.php(419): CodeIgniter\CodeIgniter->runController(Object(App\Controllers\Home))
#7 C:\wamp64\www\animelette\system\CodeIgniter.php(326): CodeIgniter\CodeIgniter->handleRequest(NULL, Object(Config\Cache), false)
#8 C:\wamp64\www\animelette\public\index.php(37): CodeIgniter\CodeIgniter->run()
#9 {main}
CRITICAL - 2022-05-23 10:19:18 --> Undefined index: name
#0 C:\wamp64\www\animelette\app\Views\details.php(71): CodeIgniter\Debug\Exceptions->errorHandler(8, 'Undefined index...', 'C:\\wamp64\\www\\a...', 71, Array)
#1 C:\wamp64\www\animelette\system\View\View.php(210): include('C:\\wamp64\\www\\a...')
#2 C:\wamp64\www\animelette\system\View\View.php(213): CodeIgniter\View\View->CodeIgniter\View\{closure}()
#3 C:\wamp64\www\animelette\system\Common.php(1089): CodeIgniter\View\View->render('details', Array, true)
#4 C:\wamp64\www\animelette\app\Controllers\Home.php(72): view('details', Array)
#5 C:\wamp64\www\animelette\system\CodeIgniter.php(832): App\Controllers\Home->details('5')
#6 C:\wamp64\www\animelette\system\CodeIgniter.php(419): CodeIgniter\CodeIgniter->runController(Object(App\Controllers\Home))
#7 C:\wamp64\www\animelette\system\CodeIgniter.php(326): CodeIgniter\CodeIgniter->handleRequest(NULL, Object(Config\Cache), false)
#8 C:\wamp64\www\animelette\public\index.php(37): CodeIgniter\CodeIgniter->run()
#9 {main}
CRITICAL - 2022-05-23 10:19:23 --> Undefined index: name
#0 C:\wamp64\www\animelette\app\Views\details.php(71): CodeIgniter\Debug\Exceptions->errorHandler(8, 'Undefined index...', 'C:\\wamp64\\www\\a...', 71, Array)
#1 C:\wamp64\www\animelette\system\View\View.php(210): include('C:\\wamp64\\www\\a...')
#2 C:\wamp64\www\animelette\system\View\View.php(213): CodeIgniter\View\View->CodeIgniter\View\{closure}()
#3 C:\wamp64\www\animelette\system\Common.php(1089): CodeIgniter\View\View->render('details', Array, true)
#4 C:\wamp64\www\animelette\app\Controllers\Home.php(72): view('details', Array)
#5 C:\wamp64\www\animelette\system\CodeIgniter.php(832): App\Controllers\Home->details('5')
#6 C:\wamp64\www\animelette\system\CodeIgniter.php(419): CodeIgniter\CodeIgniter->runController(Object(App\Controllers\Home))
#7 C:\wamp64\www\animelette\system\CodeIgniter.php(326): CodeIgniter\CodeIgniter->handleRequest(NULL, Object(Config\Cache), false)
#8 C:\wamp64\www\animelette\public\index.php(37): CodeIgniter\CodeIgniter->run()
#9 {main}
CRITICAL - 2022-05-23 10:23:44 --> Trying to access array offset on value of type null
#0 C:\wamp64\www\animelette\app\Views\details.php(74): CodeIgniter\Debug\Exceptions->errorHandler(8, 'Trying to acces...', 'C:\\wamp64\\www\\a...', 74, Array)
#1 C:\wamp64\www\animelette\system\View\View.php(210): include('C:\\wamp64\\www\\a...')
#2 C:\wamp64\www\animelette\system\View\View.php(213): CodeIgniter\View\View->CodeIgniter\View\{closure}()
#3 C:\wamp64\www\animelette\system\Common.php(1089): CodeIgniter\View\View->render('details', Array, true)
#4 C:\wamp64\www\animelette\app\Controllers\Home.php(72): view('details', Array)
#5 C:\wamp64\www\animelette\system\CodeIgniter.php(832): App\Controllers\Home->details('<')
#6 C:\wamp64\www\animelette\system\CodeIgniter.php(419): CodeIgniter\CodeIgniter->runController(Object(App\Controllers\Home))
#7 C:\wamp64\www\animelette\system\CodeIgniter.php(326): CodeIgniter\CodeIgniter->handleRequest(NULL, Object(Config\Cache), false)
#8 C:\wamp64\www\animelette\public\index.php(37): CodeIgniter\CodeIgniter->run()
#9 {main}
CRITICAL - 2022-05-23 10:42:44 --> Undefined variable: fullpath
#0 C:\wamp64\www\animelette\app\Views\details.php(82): CodeIgniter\Debug\Exceptions->errorHandler(8, 'Undefined varia...', 'C:\\wamp64\\www\\a...', 82, Array)
#1 C:\wamp64\www\animelette\system\View\View.php(210): include('C:\\wamp64\\www\\a...')
#2 C:\wamp64\www\animelette\system\View\View.php(213): CodeIgniter\View\View->CodeIgniter\View\{closure}()
#3 C:\wamp64\www\animelette\system\Common.php(1089): CodeIgniter\View\View->render('details', Array, true)
#4 C:\wamp64\www\animelette\app\Controllers\Home.php(72): view('details', Array)
#5 C:\wamp64\www\animelette\system\CodeIgniter.php(832): App\Controllers\Home->details('5')
#6 C:\wamp64\www\animelette\system\CodeIgniter.php(419): CodeIgniter\CodeIgniter->runController(Object(App\Controllers\Home))
#7 C:\wamp64\www\animelette\system\CodeIgniter.php(326): CodeIgniter\CodeIgniter->handleRequest(NULL, Object(Config\Cache), false)
#8 C:\wamp64\www\animelette\public\index.php(37): CodeIgniter\CodeIgniter->run()
#9 {main}
CRITICAL - 2022-05-23 10:43:17 --> Undefined variable: fullpath
#0 C:\wamp64\www\animelette\app\Views\details.php(82): CodeIgniter\Debug\Exceptions->errorHandler(8, 'Undefined varia...', 'C:\\wamp64\\www\\a...', 82, Array)
#1 C:\wamp64\www\animelette\system\View\View.php(210): include('C:\\wamp64\\www\\a...')
#2 C:\wamp64\www\animelette\system\View\View.php(213): CodeIgniter\View\View->CodeIgniter\View\{closure}()
#3 C:\wamp64\www\animelette\system\Common.php(1089): CodeIgniter\View\View->render('details', Array, true)
#4 C:\wamp64\www\animelette\app\Controllers\Home.php(72): view('details', Array)
#5 C:\wamp64\www\animelette\system\CodeIgniter.php(832): App\Controllers\Home->details('5')
#6 C:\wamp64\www\animelette\system\CodeIgniter.php(419): CodeIgniter\CodeIgniter->runController(Object(App\Controllers\Home))
#7 C:\wamp64\www\animelette\system\CodeIgniter.php(326): CodeIgniter\CodeIgniter->handleRequest(NULL, Object(Config\Cache), false)
#8 C:\wamp64\www\animelette\public\index.php(37): CodeIgniter\CodeIgniter->run()
#9 {main}
CRITICAL - 2022-05-23 10:43:19 --> Undefined variable: fullpath
#0 C:\wamp64\www\animelette\app\Views\details.php(82): CodeIgniter\Debug\Exceptions->errorHandler(8, 'Undefined varia...', 'C:\\wamp64\\www\\a...', 82, Array)
#1 C:\wamp64\www\animelette\system\View\View.php(210): include('C:\\wamp64\\www\\a...')
#2 C:\wamp64\www\animelette\system\View\View.php(213): CodeIgniter\View\View->CodeIgniter\View\{closure}()
#3 C:\wamp64\www\animelette\system\Common.php(1089): CodeIgniter\View\View->render('details', Array, true)
#4 C:\wamp64\www\animelette\app\Controllers\Home.php(72): view('details', Array)
#5 C:\wamp64\www\animelette\system\CodeIgniter.php(832): App\Controllers\Home->details('5')
#6 C:\wamp64\www\animelette\system\CodeIgniter.php(419): CodeIgniter\CodeIgniter->runController(Object(App\Controllers\Home))
#7 C:\wamp64\www\animelette\system\CodeIgniter.php(326): CodeIgniter\CodeIgniter->handleRequest(NULL, Object(Config\Cache), false)
#8 C:\wamp64\www\animelette\public\index.php(37): CodeIgniter\CodeIgniter->run()
#9 {main}
CRITICAL - 2022-05-23 11:27:04 --> syntax error, unexpected 'for' (T_FOR)
#0 C:\wamp64\www\animelette\system\View\View.php(213): CodeIgniter\View\View->CodeIgniter\View\{closure}()
#1 C:\wamp64\www\animelette\system\Common.php(1089): CodeIgniter\View\View->render('details', Array, true)
#2 C:\wamp64\www\animelette\app\Controllers\Home.php(72): view('details', Array)
#3 C:\wamp64\www\animelette\system\CodeIgniter.php(832): App\Controllers\Home->details('1')
#4 C:\wamp64\www\animelette\system\CodeIgniter.php(419): CodeIgniter\CodeIgniter->runController(Object(App\Controllers\Home))
#5 C:\wamp64\www\animelette\system\CodeIgniter.php(326): CodeIgniter\CodeIgniter->handleRequest(NULL, Object(Config\Cache), false)
#6 C:\wamp64\www\animelette\public\index.php(37): CodeIgniter\CodeIgniter->run()
#7 {main}
CRITICAL - 2022-05-23 11:28:14 --> Undefined variable: review
#0 C:\wamp64\www\animelette\app\Views\details.php(89): CodeIgniter\Debug\Exceptions->errorHandler(8, 'Undefined varia...', 'C:\\wamp64\\www\\a...', 89, Array)
#1 C:\wamp64\www\animelette\system\View\View.php(210): include('C:\\wamp64\\www\\a...')
#2 C:\wamp64\www\animelette\system\View\View.php(213): CodeIgniter\View\View->CodeIgniter\View\{closure}()
#3 C:\wamp64\www\animelette\system\Common.php(1089): CodeIgniter\View\View->render('details', Array, true)
#4 C:\wamp64\www\animelette\app\Controllers\Home.php(72): view('details', Array)
#5 C:\wamp64\www\animelette\system\CodeIgniter.php(832): App\Controllers\Home->details('1')
#6 C:\wamp64\www\animelette\system\CodeIgniter.php(419): CodeIgniter\CodeIgniter->runController(Object(App\Controllers\Home))
#7 C:\wamp64\www\animelette\system\CodeIgniter.php(326): CodeIgniter\CodeIgniter->handleRequest(NULL, Object(Config\Cache), false)
#8 C:\wamp64\www\animelette\public\index.php(37): CodeIgniter\CodeIgniter->run()
#9 {main}
CRITICAL - 2022-05-23 11:28:36 --> Undefined variable: review
#0 C:\wamp64\www\animelette\app\Views\details.php(89): CodeIgniter\Debug\Exceptions->errorHandler(8, 'Undefined varia...', 'C:\\wamp64\\www\\a...', 89, Array)
#1 C:\wamp64\www\animelette\system\View\View.php(210): include('C:\\wamp64\\www\\a...')
#2 C:\wamp64\www\animelette\system\View\View.php(213): CodeIgniter\View\View->CodeIgniter\View\{closure}()
#3 C:\wamp64\www\animelette\system\Common.php(1089): CodeIgniter\View\View->render('details', Array, true)
#4 C:\wamp64\www\animelette\app\Controllers\Home.php(72): view('details', Array)
#5 C:\wamp64\www\animelette\system\CodeIgniter.php(832): App\Controllers\Home->details('1')
#6 C:\wamp64\www\animelette\system\CodeIgniter.php(419): CodeIgniter\CodeIgniter->runController(Object(App\Controllers\Home))
#7 C:\wamp64\www\animelette\system\CodeIgniter.php(326): CodeIgniter\CodeIgniter->handleRequest(NULL, Object(Config\Cache), false)
#8 C:\wamp64\www\animelette\public\index.php(37): CodeIgniter\CodeIgniter->run()
#9 {main}
CRITICAL - 2022-05-23 11:31:48 --> Undefined variable: review
#0 C:\wamp64\www\animelette\app\Views\details.php(79): CodeIgniter\Debug\Exceptions->errorHandler(8, 'Undefined varia...', 'C:\\wamp64\\www\\a...', 79, Array)
#1 C:\wamp64\www\animelette\system\View\View.php(210): include('C:\\wamp64\\www\\a...')
#2 C:\wamp64\www\animelette\system\View\View.php(213): CodeIgniter\View\View->CodeIgniter\View\{closure}()
#3 C:\wamp64\www\animelette\system\Common.php(1089): CodeIgniter\View\View->render('details', Array, true)
#4 C:\wamp64\www\animelette\app\Controllers\Home.php(72): view('details', Array)
#5 C:\wamp64\www\animelette\system\CodeIgniter.php(832): App\Controllers\Home->details('1')
#6 C:\wamp64\www\animelette\system\CodeIgniter.php(419): CodeIgniter\CodeIgniter->runController(Object(App\Controllers\Home))
#7 C:\wamp64\www\animelette\system\CodeIgniter.php(326): CodeIgniter\CodeIgniter->handleRequest(NULL, Object(Config\Cache), false)
#8 C:\wamp64\www\animelette\public\index.php(37): CodeIgniter\CodeIgniter->run()
#9 {main}
CRITICAL - 2022-05-23 11:32:40 --> Undefined variable: review
#0 C:\wamp64\www\animelette\app\Views\details.php(89): CodeIgniter\Debug\Exceptions->errorHandler(8, 'Undefined varia...', 'C:\\wamp64\\www\\a...', 89, Array)
#1 C:\wamp64\www\animelette\system\View\View.php(210): include('C:\\wamp64\\www\\a...')
#2 C:\wamp64\www\animelette\system\View\View.php(213): CodeIgniter\View\View->CodeIgniter\View\{closure}()
#3 C:\wamp64\www\animelette\system\Common.php(1089): CodeIgniter\View\View->render('details', Array, true)
#4 C:\wamp64\www\animelette\app\Controllers\Home.php(72): view('details', Array)
#5 C:\wamp64\www\animelette\system\CodeIgniter.php(832): App\Controllers\Home->details('1')
#6 C:\wamp64\www\animelette\system\CodeIgniter.php(419): CodeIgniter\CodeIgniter->runController(Object(App\Controllers\Home))
#7 C:\wamp64\www\animelette\system\CodeIgniter.php(326): CodeIgniter\CodeIgniter->handleRequest(NULL, Object(Config\Cache), false)
#8 C:\wamp64\www\animelette\public\index.php(37): CodeIgniter\CodeIgniter->run()
#9 {main}
CRITICAL - 2022-05-23 11:51:15 --> Undefined variable: review
#0 C:\wamp64\www\animelette\app\Views\details.php(84): CodeIgniter\Debug\Exceptions->errorHandler(8, 'Undefined varia...', 'C:\\wamp64\\www\\a...', 84, Array)
#1 C:\wamp64\www\animelette\system\View\View.php(210): include('C:\\wamp64\\www\\a...')
#2 C:\wamp64\www\animelette\system\View\View.php(213): CodeIgniter\View\View->CodeIgniter\View\{closure}()
#3 C:\wamp64\www\animelette\system\Common.php(1089): CodeIgniter\View\View->render('details', Array, true)
#4 C:\wamp64\www\animelette\app\Controllers\Home.php(72): view('details', Array)
#5 C:\wamp64\www\animelette\system\CodeIgniter.php(832): App\Controllers\Home->details('1')
#6 C:\wamp64\www\animelette\system\CodeIgniter.php(419): CodeIgniter\CodeIgniter->runController(Object(App\Controllers\Home))
#7 C:\wamp64\www\animelette\system\CodeIgniter.php(326): CodeIgniter\CodeIgniter->handleRequest(NULL, Object(Config\Cache), false)
#8 C:\wamp64\www\animelette\public\index.php(37): CodeIgniter\CodeIgniter->run()
#9 {main}
