ERROR - 2022-05-19 01:25:49 --> Unknown column 'addDate' in 'order clause'
CRITICAL - 2022-05-19 01:25:49 --> Unknown column 'addDate' in 'order clause'
#0 C:\wamp64\www\animelette\system\Database\MySQLi\Connection.php(292): mysqli->query('SELECT *\nFROM `...', 0)
#1 C:\wamp64\www\animelette\system\Database\BaseConnection.php(670): CodeIgniter\Database\MySQLi\Connection->execute('SELECT *\nFROM `...')
#2 C:\wamp64\www\animelette\system\Database\BaseConnection.php(598): CodeIgniter\Database\BaseConnection->simpleQuery('SELECT *\nFROM `...')
#3 C:\wamp64\www\animelette\system\Database\BaseBuilder.php(1455): CodeIgniter\Database\BaseConnection->query('SELECT *\nFROM `...', Array, false)
#4 C:\wamp64\www\animelette\system\Model.php(183): CodeIgniter\Database\BaseBuilder->get()
#5 C:\wamp64\www\animelette\system\BaseModel.php(584): CodeIgniter\Model->doFindAll(10, 0)
#6 C:\wamp64\www\animelette\app\Controllers\Home.php(71): CodeIgniter\BaseModel->findAll(10)
#7 C:\wamp64\www\animelette\system\CodeIgniter.php(832): App\Controllers\Home->profile('1')
#8 C:\wamp64\www\animelette\system\CodeIgniter.php(419): CodeIgniter\CodeIgniter->runController(Object(App\Controllers\Home))
#9 C:\wamp64\www\animelette\system\CodeIgniter.php(326): CodeIgniter\CodeIgniter->handleRequest(NULL, Object(Config\Cache), false)
#10 C:\wamp64\www\animelette\public\index.php(37): CodeIgniter\CodeIgniter->run()
#11 {main}
ERROR - 2022-05-19 02:02:51 --> Unknown column 'addDate' in 'order clause'
CRITICAL - 2022-05-19 02:02:51 --> Unknown column 'addDate' in 'order clause'
#0 C:\wamp64\www\animelette\system\Database\MySQLi\Connection.php(292): mysqli->query('SELECT *\nFROM `...', 0)
#1 C:\wamp64\www\animelette\system\Database\BaseConnection.php(670): CodeIgniter\Database\MySQLi\Connection->execute('SELECT *\nFROM `...')
#2 C:\wamp64\www\animelette\system\Database\BaseConnection.php(598): CodeIgniter\Database\BaseConnection->simpleQuery('SELECT *\nFROM `...')
#3 C:\wamp64\www\animelette\system\Database\BaseBuilder.php(1455): CodeIgniter\Database\BaseConnection->query('SELECT *\nFROM `...', Array, false)
#4 C:\wamp64\www\animelette\system\Model.php(183): CodeIgniter\Database\BaseBuilder->get()
#5 C:\wamp64\www\animelette\system\BaseModel.php(584): CodeIgniter\Model->doFindAll(10, 0)
#6 C:\wamp64\www\animelette\app\Controllers\Home.php(71): CodeIgniter\BaseModel->findAll(10)
#7 C:\wamp64\www\animelette\system\CodeIgniter.php(832): App\Controllers\Home->profile('3')
#8 C:\wamp64\www\animelette\system\CodeIgniter.php(419): CodeIgniter\CodeIgniter->runController(Object(App\Controllers\Home))
#9 C:\wamp64\www\animelette\system\CodeIgniter.php(326): CodeIgniter\CodeIgniter->handleRequest(NULL, Object(Config\Cache), false)
#10 C:\wamp64\www\animelette\public\index.php(37): CodeIgniter\CodeIgniter->run()
#11 {main}
CRITICAL - 2022-05-19 11:24:12 --> Undefined index: userId
#0 C:\wamp64\www\animelette\app\Views\animelist.php(61): CodeIgniter\Debug\Exceptions->errorHandler(8, 'Undefined index...', 'C:\\wamp64\\www\\a...', 61, Array)
#1 C:\wamp64\www\animelette\system\View\View.php(210): include('C:\\wamp64\\www\\a...')
#2 C:\wamp64\www\animelette\system\View\View.php(213): CodeIgniter\View\View->CodeIgniter\View\{closure}()
#3 C:\wamp64\www\animelette\system\Common.php(1089): CodeIgniter\View\View->render('animelist', Array, true)
#4 C:\wamp64\www\animelette\app\Controllers\Home.php(144): view('animelist', Array)
#5 C:\wamp64\www\animelette\system\CodeIgniter.php(832): App\Controllers\Home->animelist('1', '0')
#6 C:\wamp64\www\animelette\system\CodeIgniter.php(419): CodeIgniter\CodeIgniter->runController(Object(App\Controllers\Home))
#7 C:\wamp64\www\animelette\system\CodeIgniter.php(326): CodeIgniter\CodeIgniter->handleRequest(NULL, Object(Config\Cache), false)
#8 C:\wamp64\www\animelette\public\index.php(37): CodeIgniter\CodeIgniter->run()
#9 {main}
CRITICAL - 2022-05-19 12:00:32 --> Too few arguments to function App\Controllers\Home::animelist(), 1 passed in C:\wamp64\www\animelette\system\CodeIgniter.php on line 832 and exactly 2 expected
#0 C:\wamp64\www\animelette\system\CodeIgniter.php(832): App\Controllers\Home->animelist('1')
#1 C:\wamp64\www\animelette\system\CodeIgniter.php(419): CodeIgniter\CodeIgniter->runController(Object(App\Controllers\Home))
#2 C:\wamp64\www\animelette\system\CodeIgniter.php(326): CodeIgniter\CodeIgniter->handleRequest(NULL, Object(Config\Cache), false)
#3 C:\wamp64\www\animelette\public\index.php(37): CodeIgniter\CodeIgniter->run()
#4 {main}
CRITICAL - 2022-05-19 12:00:48 --> Too few arguments to function App\Controllers\Home::animelist(), 1 passed in C:\wamp64\www\animelette\system\CodeIgniter.php on line 832 and exactly 2 expected
#0 C:\wamp64\www\animelette\system\CodeIgniter.php(832): App\Controllers\Home->animelist('1')
#1 C:\wamp64\www\animelette\system\CodeIgniter.php(419): CodeIgniter\CodeIgniter->runController(Object(App\Controllers\Home))
#2 C:\wamp64\www\animelette\system\CodeIgniter.php(326): CodeIgniter\CodeIgniter->handleRequest(NULL, Object(Config\Cache), false)
#3 C:\wamp64\www\animelette\public\index.php(37): CodeIgniter\CodeIgniter->run()
#4 {main}
