CRITICAL - 2022-05-13 09:15:59 --> Undefined index: password
#0 C:\wamp64\www\animelette\app\Controllers\Home.php(32): CodeIgniter\Debug\Exceptions->errorHandler(8, 'Undefined index...', 'C:\\wamp64\\www\\a...', 32, Array)
#1 C:\wamp64\www\animelette\system\CodeIgniter.php(832): App\Controllers\Home->login()
#2 C:\wamp64\www\animelette\system\CodeIgniter.php(419): CodeIgniter\CodeIgniter->runController(Object(App\Controllers\Home))
#3 C:\wamp64\www\animelette\system\CodeIgniter.php(326): CodeIgniter\CodeIgniter->handleRequest(NULL, Object(Config\Cache), false)
#4 C:\wamp64\www\animelette\public\index.php(37): CodeIgniter\CodeIgniter->run()
#5 {main}
CRITICAL - 2022-05-13 09:21:19 --> Call to undefined function App\Controllers\sha2()
#0 C:\wamp64\www\animelette\system\CodeIgniter.php(832): App\Controllers\Home->login()
#1 C:\wamp64\www\animelette\system\CodeIgniter.php(419): CodeIgniter\CodeIgniter->runController(Object(App\Controllers\Home))
#2 C:\wamp64\www\animelette\system\CodeIgniter.php(326): CodeIgniter\CodeIgniter->handleRequest(NULL, Object(Config\Cache), false)
#3 C:\wamp64\www\animelette\public\index.php(37): CodeIgniter\CodeIgniter->run()
#4 {main}
CRITICAL - 2022-05-13 09:24:08 --> Undefined index: password
#0 C:\wamp64\www\animelette\app\Controllers\Home.php(35): CodeIgniter\Debug\Exceptions->errorHandler(8, 'Undefined index...', 'C:\\wamp64\\www\\a...', 35, Array)
#1 C:\wamp64\www\animelette\system\CodeIgniter.php(832): App\Controllers\Home->login()
#2 C:\wamp64\www\animelette\system\CodeIgniter.php(419): CodeIgniter\CodeIgniter->runController(Object(App\Controllers\Home))
#3 C:\wamp64\www\animelette\system\CodeIgniter.php(326): CodeIgniter\CodeIgniter->handleRequest(NULL, Object(Config\Cache), false)
#4 C:\wamp64\www\animelette\public\index.php(37): CodeIgniter\CodeIgniter->run()
#5 {main}
CRITICAL - 2022-05-13 09:24:13 --> Object of class CodeIgniter\Database\MySQLi\Result could not be converted to string
#0 C:\wamp64\www\animelette\system\CodeIgniter.php(832): App\Controllers\Home->login()
#1 C:\wamp64\www\animelette\system\CodeIgniter.php(419): CodeIgniter\CodeIgniter->runController(Object(App\Controllers\Home))
#2 C:\wamp64\www\animelette\system\CodeIgniter.php(326): CodeIgniter\CodeIgniter->handleRequest(NULL, Object(Config\Cache), false)
#3 C:\wamp64\www\animelette\public\index.php(37): CodeIgniter\CodeIgniter->run()
#4 {main}
CRITICAL - 2022-05-13 09:24:45 --> Call to undefined method CodeIgniter\Database\MySQLi\Result::countAllResults()
#0 C:\wamp64\www\animelette\system\CodeIgniter.php(832): App\Controllers\Home->login()
#1 C:\wamp64\www\animelette\system\CodeIgniter.php(419): CodeIgniter\CodeIgniter->runController(Object(App\Controllers\Home))
#2 C:\wamp64\www\animelette\system\CodeIgniter.php(326): CodeIgniter\CodeIgniter->handleRequest(NULL, Object(Config\Cache), false)
#3 C:\wamp64\www\animelette\public\index.php(37): CodeIgniter\CodeIgniter->run()
#4 {main}
CRITICAL - 2022-05-13 09:24:55 --> Object of class CodeIgniter\Database\MySQLi\Result could not be converted to string
#0 C:\wamp64\www\animelette\system\CodeIgniter.php(832): App\Controllers\Home->login()
#1 C:\wamp64\www\animelette\system\CodeIgniter.php(419): CodeIgniter\CodeIgniter->runController(Object(App\Controllers\Home))
#2 C:\wamp64\www\animelette\system\CodeIgniter.php(326): CodeIgniter\CodeIgniter->handleRequest(NULL, Object(Config\Cache), false)
#3 C:\wamp64\www\animelette\public\index.php(37): CodeIgniter\CodeIgniter->run()
#4 {main}
CRITICAL - 2022-05-13 09:30:06 --> count(): Parameter must be an array or an object that implements Countable
#0 [internal function]: CodeIgniter\Debug\Exceptions->errorHandler(2, 'count(): Parame...', 'C:\\wamp64\\www\\a...', 36, Array)
#1 C:\wamp64\www\animelette\app\Controllers\Home.php(36): count(Object(CodeIgniter\Database\MySQLi\Result))
#2 C:\wamp64\www\animelette\system\CodeIgniter.php(832): App\Controllers\Home->login()
#3 C:\wamp64\www\animelette\system\CodeIgniter.php(419): CodeIgniter\CodeIgniter->runController(Object(App\Controllers\Home))
#4 C:\wamp64\www\animelette\system\CodeIgniter.php(326): CodeIgniter\CodeIgniter->handleRequest(NULL, Object(Config\Cache), false)
#5 C:\wamp64\www\animelette\public\index.php(37): CodeIgniter\CodeIgniter->run()
#6 {main}
CRITICAL - 2022-05-13 09:31:42 --> count(): Parameter must be an array or an object that implements Countable
#0 [internal function]: CodeIgniter\Debug\Exceptions->errorHandler(2, 'count(): Parame...', 'C:\\wamp64\\www\\a...', 36, Array)
#1 C:\wamp64\www\animelette\app\Controllers\Home.php(36): count(Object(CodeIgniter\Database\MySQLi\Result))
#2 C:\wamp64\www\animelette\system\CodeIgniter.php(832): App\Controllers\Home->login()
#3 C:\wamp64\www\animelette\system\CodeIgniter.php(419): CodeIgniter\CodeIgniter->runController(Object(App\Controllers\Home))
#4 C:\wamp64\www\animelette\system\CodeIgniter.php(326): CodeIgniter\CodeIgniter->handleRequest(NULL, Object(Config\Cache), false)
#5 C:\wamp64\www\animelette\public\index.php(37): CodeIgniter\CodeIgniter->run()
#6 {main}
CRITICAL - 2022-05-13 09:31:51 -->  route cannot be found while reverse-routing.
#0 C:\wamp64\www\animelette\system\HTTP\RedirectResponse.php(56): CodeIgniter\HTTP\Exceptions\HTTPException::forInvalidRedirectRoute('')
#1 C:\wamp64\www\animelette\system\Common.php(832): CodeIgniter\HTTP\RedirectResponse->route(false)
#2 C:\wamp64\www\animelette\app\Controllers\Home.php(37): redirect('index')
#3 C:\wamp64\www\animelette\system\CodeIgniter.php(832): App\Controllers\Home->login()
#4 C:\wamp64\www\animelette\system\CodeIgniter.php(419): CodeIgniter\CodeIgniter->runController(Object(App\Controllers\Home))
#5 C:\wamp64\www\animelette\system\CodeIgniter.php(326): CodeIgniter\CodeIgniter->handleRequest(NULL, Object(Config\Cache), false)
#6 C:\wamp64\www\animelette\public\index.php(37): CodeIgniter\CodeIgniter->run()
#7 {main}
CRITICAL - 2022-05-13 09:32:00 -->  route cannot be found while reverse-routing.
#0 C:\wamp64\www\animelette\system\HTTP\RedirectResponse.php(56): CodeIgniter\HTTP\Exceptions\HTTPException::forInvalidRedirectRoute('')
#1 C:\wamp64\www\animelette\system\Common.php(832): CodeIgniter\HTTP\RedirectResponse->route(false)
#2 C:\wamp64\www\animelette\app\Controllers\Home.php(37): redirect('Home/index')
#3 C:\wamp64\www\animelette\system\CodeIgniter.php(832): App\Controllers\Home->login()
#4 C:\wamp64\www\animelette\system\CodeIgniter.php(419): CodeIgniter\CodeIgniter->runController(Object(App\Controllers\Home))
#5 C:\wamp64\www\animelette\system\CodeIgniter.php(326): CodeIgniter\CodeIgniter->handleRequest(NULL, Object(Config\Cache), false)
#6 C:\wamp64\www\animelette\public\index.php(37): CodeIgniter\CodeIgniter->run()
#7 {main}
CRITICAL - 2022-05-13 09:41:24 --> Call to undefined method CodeIgniter\Database\MySQLi\Result::num_nows()
#0 C:\wamp64\www\animelette\system\CodeIgniter.php(832): App\Controllers\Home->login()
#1 C:\wamp64\www\animelette\system\CodeIgniter.php(419): CodeIgniter\CodeIgniter->runController(Object(App\Controllers\Home))
#2 C:\wamp64\www\animelette\system\CodeIgniter.php(326): CodeIgniter\CodeIgniter->handleRequest(NULL, Object(Config\Cache), false)
#3 C:\wamp64\www\animelette\public\index.php(37): CodeIgniter\CodeIgniter->run()
#4 {main}
CRITICAL - 2022-05-13 09:43:24 --> Call to undefined method CodeIgniter\Database\MySQLi\Result::countAllResults()
#0 C:\wamp64\www\animelette\system\CodeIgniter.php(832): App\Controllers\Home->login()
#1 C:\wamp64\www\animelette\system\CodeIgniter.php(419): CodeIgniter\CodeIgniter->runController(Object(App\Controllers\Home))
#2 C:\wamp64\www\animelette\system\CodeIgniter.php(326): CodeIgniter\CodeIgniter->handleRequest(NULL, Object(Config\Cache), false)
#3 C:\wamp64\www\animelette\public\index.php(37): CodeIgniter\CodeIgniter->run()
#4 {main}
CRITICAL - 2022-05-13 09:45:02 --> Call to undefined method CodeIgniter\Database\MySQLi\Result::countAllResults()
#0 C:\wamp64\www\animelette\system\CodeIgniter.php(832): App\Controllers\Home->login()
#1 C:\wamp64\www\animelette\system\CodeIgniter.php(419): CodeIgniter\CodeIgniter->runController(Object(App\Controllers\Home))
#2 C:\wamp64\www\animelette\system\CodeIgniter.php(326): CodeIgniter\CodeIgniter->handleRequest(NULL, Object(Config\Cache), false)
#3 C:\wamp64\www\animelette\public\index.php(37): CodeIgniter\CodeIgniter->run()
#4 {main}
CRITICAL - 2022-05-13 09:46:26 --> Object of class CodeIgniter\Database\MySQLi\Result could not be converted to int
#0 C:\wamp64\www\animelette\app\Controllers\Home.php(36): CodeIgniter\Debug\Exceptions->errorHandler(8, 'Object of class...', 'C:\\wamp64\\www\\a...', 36, Array)
#1 C:\wamp64\www\animelette\system\CodeIgniter.php(832): App\Controllers\Home->login()
#2 C:\wamp64\www\animelette\system\CodeIgniter.php(419): CodeIgniter\CodeIgniter->runController(Object(App\Controllers\Home))
#3 C:\wamp64\www\animelette\system\CodeIgniter.php(326): CodeIgniter\CodeIgniter->handleRequest(NULL, Object(Config\Cache), false)
#4 C:\wamp64\www\animelette\public\index.php(37): CodeIgniter\CodeIgniter->run()
#5 {main}
CRITICAL - 2022-05-13 09:49:52 --> Undefined index: passwd
#0 C:\wamp64\www\animelette\app\Views\login.php(81): CodeIgniter\Debug\Exceptions->errorHandler(8, 'Undefined index...', 'C:\\wamp64\\www\\a...', 81, Array)
#1 C:\wamp64\www\animelette\system\View\View.php(210): include('C:\\wamp64\\www\\a...')
#2 C:\wamp64\www\animelette\system\View\View.php(213): CodeIgniter\View\View->CodeIgniter\View\{closure}()
#3 C:\wamp64\www\animelette\system\Common.php(1089): CodeIgniter\View\View->render('login', Array, true)
#4 C:\wamp64\www\animelette\app\Controllers\Home.php(41): view('login', Array)
#5 C:\wamp64\www\animelette\system\CodeIgniter.php(832): App\Controllers\Home->login()
#6 C:\wamp64\www\animelette\system\CodeIgniter.php(419): CodeIgniter\CodeIgniter->runController(Object(App\Controllers\Home))
#7 C:\wamp64\www\animelette\system\CodeIgniter.php(326): CodeIgniter\CodeIgniter->handleRequest(NULL, Object(Config\Cache), false)
#8 C:\wamp64\www\animelette\public\index.php(37): CodeIgniter\CodeIgniter->run()
#9 {main}
CRITICAL - 2022-05-13 10:22:10 --> Cannot use object of type stdClass as array
#0 C:\wamp64\www\animelette\system\CodeIgniter.php(832): App\Controllers\Home->login()
#1 C:\wamp64\www\animelette\system\CodeIgniter.php(419): CodeIgniter\CodeIgniter->runController(Object(App\Controllers\Home))
#2 C:\wamp64\www\animelette\system\CodeIgniter.php(326): CodeIgniter\CodeIgniter->handleRequest(NULL, Object(Config\Cache), false)
#3 C:\wamp64\www\animelette\public\index.php(37): CodeIgniter\CodeIgniter->run()
#4 {main}
CRITICAL - 2022-05-13 10:24:24 --> Undefined property: stdClass::$userId
#0 C:\wamp64\www\animelette\app\Controllers\Home.php(40): CodeIgniter\Debug\Exceptions->errorHandler(8, 'Undefined prope...', 'C:\\wamp64\\www\\a...', 40, Array)
#1 C:\wamp64\www\animelette\system\CodeIgniter.php(832): App\Controllers\Home->login()
#2 C:\wamp64\www\animelette\system\CodeIgniter.php(419): CodeIgniter\CodeIgniter->runController(Object(App\Controllers\Home))
#3 C:\wamp64\www\animelette\system\CodeIgniter.php(326): CodeIgniter\CodeIgniter->handleRequest(NULL, Object(Config\Cache), false)
#4 C:\wamp64\www\animelette\public\index.php(37): CodeIgniter\CodeIgniter->run()
#5 {main}
CRITICAL - 2022-05-13 11:03:20 --> Cannot use object of type CodeIgniter\Session\Session as array
#0 C:\wamp64\www\animelette\system\View\View.php(210): include()
#1 C:\wamp64\www\animelette\system\View\View.php(213): CodeIgniter\View\View->CodeIgniter\View\{closure}()
#2 C:\wamp64\www\animelette\system\Common.php(1089): CodeIgniter\View\View->render('home', Array, true)
#3 C:\wamp64\www\animelette\app\Controllers\Home.php(20): view('home', Array)
#4 C:\wamp64\www\animelette\system\CodeIgniter.php(832): App\Controllers\Home->index()
#5 C:\wamp64\www\animelette\system\CodeIgniter.php(419): CodeIgniter\CodeIgniter->runController(Object(App\Controllers\Home))
#6 C:\wamp64\www\animelette\system\CodeIgniter.php(326): CodeIgniter\CodeIgniter->handleRequest(NULL, Object(Config\Cache), false)
#7 C:\wamp64\www\animelette\public\index.php(37): CodeIgniter\CodeIgniter->run()
#8 {main}
