CRITICAL - 2022-05-20 02:43:17 --> Undefined variable: minYear
#0 C:\wamp64\www\animelette\app\Views\explore.php(88): CodeIgniter\Debug\Exceptions->errorHandler(8, 'Undefined varia...', 'C:\\wamp64\\www\\a...', 88, Array)
#1 C:\wamp64\www\animelette\system\View\View.php(210): include('C:\\wamp64\\www\\a...')
#2 C:\wamp64\www\animelette\system\View\View.php(213): CodeIgniter\View\View->CodeIgniter\View\{closure}()
#3 C:\wamp64\www\animelette\system\Common.php(1089): CodeIgniter\View\View->render('explore', Array, true)
#4 C:\wamp64\www\animelette\app\Controllers\Home.php(45): view('explore')
#5 C:\wamp64\www\animelette\system\CodeIgniter.php(832): App\Controllers\Home->explore()
#6 C:\wamp64\www\animelette\system\CodeIgniter.php(419): CodeIgniter\CodeIgniter->runController(Object(App\Controllers\Home))
#7 C:\wamp64\www\animelette\system\CodeIgniter.php(326): CodeIgniter\CodeIgniter->handleRequest(NULL, Object(Config\Cache), false)
#8 C:\wamp64\www\animelette\public\index.php(37): CodeIgniter\CodeIgniter->run()
#9 {main}
CRITICAL - 2022-05-20 02:43:28 --> Undefined variable: minYear
#0 C:\wamp64\www\animelette\app\Views\explore.php(88): CodeIgniter\Debug\Exceptions->errorHandler(8, 'Undefined varia...', 'C:\\wamp64\\www\\a...', 88, Array)
#1 C:\wamp64\www\animelette\system\View\View.php(210): include('C:\\wamp64\\www\\a...')
#2 C:\wamp64\www\animelette\system\View\View.php(213): CodeIgniter\View\View->CodeIgniter\View\{closure}()
#3 C:\wamp64\www\animelette\system\Common.php(1089): CodeIgniter\View\View->render('explore', Array, true)
#4 C:\wamp64\www\animelette\app\Controllers\Home.php(45): view('explore')
#5 C:\wamp64\www\animelette\system\CodeIgniter.php(832): App\Controllers\Home->explore()
#6 C:\wamp64\www\animelette\system\CodeIgniter.php(419): CodeIgniter\CodeIgniter->runController(Object(App\Controllers\Home))
#7 C:\wamp64\www\animelette\system\CodeIgniter.php(326): CodeIgniter\CodeIgniter->handleRequest(NULL, Object(Config\Cache), false)
#8 C:\wamp64\www\animelette\public\index.php(37): CodeIgniter\CodeIgniter->run()
#9 {main}
CRITICAL - 2022-05-20 05:08:51 --> Undefined variable: i
#0 C:\wamp64\www\animelette\app\Views\explore.php(89): CodeIgniter\Debug\Exceptions->errorHandler(8, 'Undefined varia...', 'C:\\wamp64\\www\\a...', 89, Array)
#1 C:\wamp64\www\animelette\system\View\View.php(210): include('C:\\wamp64\\www\\a...')
#2 C:\wamp64\www\animelette\system\View\View.php(213): CodeIgniter\View\View->CodeIgniter\View\{closure}()
#3 C:\wamp64\www\animelette\system\Common.php(1089): CodeIgniter\View\View->render('explore', Array, true)
#4 C:\wamp64\www\animelette\app\Controllers\Home.php(42): view('explore', Array)
#5 C:\wamp64\www\animelette\system\CodeIgniter.php(832): App\Controllers\Home->explore()
#6 C:\wamp64\www\animelette\system\CodeIgniter.php(419): CodeIgniter\CodeIgniter->runController(Object(App\Controllers\Home))
#7 C:\wamp64\www\animelette\system\CodeIgniter.php(326): CodeIgniter\CodeIgniter->handleRequest(NULL, Object(Config\Cache), false)
#8 C:\wamp64\www\animelette\public\index.php(37): CodeIgniter\CodeIgniter->run()
#9 {main}
CRITICAL - 2022-05-20 05:08:53 --> Undefined variable: i
#0 C:\wamp64\www\animelette\app\Views\explore.php(89): CodeIgniter\Debug\Exceptions->errorHandler(8, 'Undefined varia...', 'C:\\wamp64\\www\\a...', 89, Array)
#1 C:\wamp64\www\animelette\system\View\View.php(210): include('C:\\wamp64\\www\\a...')
#2 C:\wamp64\www\animelette\system\View\View.php(213): CodeIgniter\View\View->CodeIgniter\View\{closure}()
#3 C:\wamp64\www\animelette\system\Common.php(1089): CodeIgniter\View\View->render('explore', Array, true)
#4 C:\wamp64\www\animelette\app\Controllers\Home.php(42): view('explore', Array)
#5 C:\wamp64\www\animelette\system\CodeIgniter.php(832): App\Controllers\Home->explore()
#6 C:\wamp64\www\animelette\system\CodeIgniter.php(419): CodeIgniter\CodeIgniter->runController(Object(App\Controllers\Home))
#7 C:\wamp64\www\animelette\system\CodeIgniter.php(326): CodeIgniter\CodeIgniter->handleRequest(NULL, Object(Config\Cache), false)
#8 C:\wamp64\www\animelette\public\index.php(37): CodeIgniter\CodeIgniter->run()
#9 {main}
